One matching license found for this product: synplifypro_gowin
NOTE:  This version of the software is not a production release. No warranty is made as to the general availability of features and functionality included in this version or described in the accompanying documentation. The final contents of a production release and its timing remain at the sole discretion of Synopsys.

Starting:    C:\Gowin\Gowin_V1.9.2Beta\SynplifyPro\bin64\mbin\synbatch.exe
Install:     C:\Gowin\Gowin_V1.9.2Beta\SynplifyPro
Hostname:    GOWIN-PC
Date:        Fri Sep 27 12:37:57 2019
Version:     P-2019.03G-Beta4

Arguments:   -product synplify_pro -batch C:/fpga/Tang-Nano-examples/nano/src/LCD_FIFO/temp/FIFO/FIFO.prj
ProductType: synplify_pro

License checkout: synplifypro_gowin
License: synplifypro_gowin node-locked 
Licensed Vendor: gowin

Running in Vendor Mode

auto_infer_blackbox is not supported in current product.
log file: "C:\fpga\Tang-Nano-examples\nano\src\LCD_FIFO\temp\FIFO\rev_1\LCD_FIFO.srr"
Running: rev_1 in foreground

Running FIFO|rev_1

Running Flow: compile (Compile) on FIFO|rev_1
# Fri Sep 27 12:37:57 2019

Running Flow: compile_flow (Compile Process) on FIFO|rev_1
# Fri Sep 27 12:37:57 2019

Running: compiler (Compile Input) on FIFO|rev_1
# Fri Sep 27 12:37:57 2019
Copied C:\fpga\Tang-Nano-examples\nano\src\LCD_FIFO\temp\FIFO\rev_1\synwork\LCD_FIFO_comp.srs to C:\fpga\Tang-Nano-examples\nano\src\LCD_FIFO\temp\FIFO\rev_1\LCD_FIFO.srs

compiler completed
# Fri Sep 27 12:38:01 2019

Return Code: 0
Run Time:00h:00m:04s

Running: multi_srs_gen (Multi-srs Generator) on FIFO|rev_1
# Fri Sep 27 12:38:01 2019

multi_srs_gen completed
# Fri Sep 27 12:38:01 2019

Return Code: 0
Run Time:00h:00m:00s
Copied C:\fpga\Tang-Nano-examples\nano\src\LCD_FIFO\temp\FIFO\rev_1\synwork\LCD_FIFO_mult.srs to C:\fpga\Tang-Nano-examples\nano\src\LCD_FIFO\temp\FIFO\rev_1\LCD_FIFO.srs
Complete: Compile Process on FIFO|rev_1

Running: premap (Premap) on FIFO|rev_1
# Fri Sep 27 12:38:01 2019

premap completed
# Fri Sep 27 12:38:06 2019

Return Code: 0
Run Time:00h:00m:05s
Complete: Compile on FIFO|rev_1

Running Flow: map (Map) on FIFO|rev_1
# Fri Sep 27 12:38:06 2019

Running: fpga_mapper (Map & Optimize) on FIFO|rev_1
# Fri Sep 27 12:38:06 2019
Copied C:\fpga\Tang-Nano-examples\nano\src\LCD_FIFO\temp\FIFO\rev_1\synwork\LCD_FIFO_m.srm to C:\fpga\Tang-Nano-examples\nano\src\LCD_FIFO\temp\FIFO\rev_1\LCD_FIFO.srm

fpga_mapper completed with warnings
# Fri Sep 27 12:38:23 2019

Return Code: 1
Run Time:00h:00m:17s
Complete: Map on FIFO|rev_1
Complete: Logic Synthesis on FIFO|rev_1
exit status=0
exit status=0
License checkin: synplifypro_gowin
