---------------------------------------
Resource Usage Report for PSRAM_RDFIFO 

Mapping to part: gw1n_1qfn48-5
Cell usage:
ALU             60 uses
DFFC            96 uses
DFFCE           9 uses
DFFP            2 uses
GSR             1 use
INV             7 uses
MUX2_LUT5       3 uses
MUX2_LUT6       1 use
SDP             1 use
LUT2            47 uses
LUT3            17 uses
LUT4            58 uses

I/O Register bits:                  0
Register bits not including I/Os:   107 of 864 (12%)

RAM/ROM usage summary
Block Rams : 1 of 4 (25%)


@S |Mapping Summary:
Total  LUTs: 122 (10%)

