One matching license found for this product: synplifypro_gowin
NOTE:  This version of the software is not a production release. No warranty is made as to the general availability of features and functionality included in this version or described in the accompanying documentation. The final contents of a production release and its timing remain at the sole discretion of Synopsys.

Starting:    /home/athieka/gowin/SynplifyPro/linux_a_64/mbin/synbatch
Install:     /home/athieka/gowin/SynplifyPro
Hostname:    gowin-vm
Date:        Sun Sep 22 22:24:42 2019
Version:     P-2019.03G-Beta4

Arguments:   -product synplify_pro -batch /home/athieka/tang/nano/impl/synthesize/nano.prj
ProductType: synplify_pro

License checkout: synplifypro_gowin
License: synplifypro_gowin node-locked 
Licensed Vendor: gowin

Running in Vendor Mode

log file: "/home/athieka/tang/nano/impl/synthesize/rev_1/nano.srr"
Running: rev_1 in foreground

Running nano|rev_1

Running Flow: compile (Compile) on nano|rev_1
# Sun Sep 22 22:24:42 2019

Running Flow: compile_flow (Compile Process) on nano|rev_1
# Sun Sep 22 22:24:42 2019

Running: compiler (Compile Input) on nano|rev_1
# Sun Sep 22 22:24:42 2019
Copied /home/athieka/tang/nano/impl/synthesize/rev_1/synwork/nano_comp.srs to /home/athieka/tang/nano/impl/synthesize/rev_1/nano.srs

compiler completed
# Sun Sep 22 22:24:44 2019

Return Code: 0
Run Time:00h:00m:02s

Running: multi_srs_gen (Multi-srs Generator) on nano|rev_1
# Sun Sep 22 22:24:44 2019

multi_srs_gen completed
# Sun Sep 22 22:24:45 2019

Return Code: 0
Run Time:00h:00m:01s
Copied /home/athieka/tang/nano/impl/synthesize/rev_1/synwork/nano_mult.srs to /home/athieka/tang/nano/impl/synthesize/rev_1/nano.srs
Complete: Compile Process on nano|rev_1

Running: premap (Premap) on nano|rev_1
# Sun Sep 22 22:24:45 2019

premap completed with warnings
# Sun Sep 22 22:24:47 2019

Return Code: 1
Run Time:00h:00m:02s
Complete: Compile on nano|rev_1

Running Flow: map (Map) on nano|rev_1
# Sun Sep 22 22:24:47 2019

Running: fpga_mapper (Map & Optimize) on nano|rev_1
# Sun Sep 22 22:24:47 2019
Copied /home/athieka/tang/nano/impl/synthesize/rev_1/synwork/nano_m.srm to /home/athieka/tang/nano/impl/synthesize/rev_1/nano.srm

fpga_mapper completed with warnings
# Sun Sep 22 22:24:55 2019

Return Code: 1
Run Time:00h:00m:08s
Complete: Map on nano|rev_1
Complete: Logic Synthesis on nano|rev_1
exit status=0
exit status=0
License checkin: synplifypro_gowin
