---------------------------------------
Resource Usage Report for PSRAM_RDFIFO 

Mapping to part: gw1n_1qfn48-5
Cell usage:
ALU             66 uses
DFFC            109 uses
DFFCE           10 uses
DFFP            2 uses
GSR             1 use
INV             8 uses
MUX2_LUT5       2 uses
MUX2_LUT6       1 use
SDPX9           2 uses
LUT2            50 uses
LUT3            24 uses
LUT4            58 uses

I/O Register bits:                  0
Register bits not including I/Os:   121 of 864 (14%)

RAM/ROM usage summary
Block Rams : 2 of 4 (50%)


@S |Mapping Summary:
Total  LUTs: 132 (11%)

