Info    (PA0001) : "C:/fpga/Tang-Nano-examples/nano/impl/synthesize/rev_1/nano.vm" | Reading netlist file.
Info    (PA0004) : Parsing netlist file 'C:/fpga/Tang-Nano-examples/nano/impl/synthesize/rev_1/nano.vm' completed.
Warning (PA1017) : Not support read random memory from block RAM via the blank initial value.
Info    (PA0006) : Processing netlist completed.
Info    (CT0002) : Physical Constraint parsed completed.
Info    (PR0001) : Placement in progress......
Info    (PA0004) : Parsing netlist file 'C:/fpga/Tang-Nano-examples/nano/impl/synthesize/rev_1/nano.vm' completed.
Warning (PR1013) : Iobuf: 'gowin_ibuf_LCD_BKL' is placed in MODE pin.
Info    (PR0005) : Routing in progress......
Info    (PR0002) : Placement and routing completed.
Info    (TA0001) : Timing analysis completed.
Info    (FS0001) : Bitstream generation in progress......
Info    (FS0002) : Bitstream generation completed.
Info    (PW0001) : Power analysis completed.
Info    (CM0008) : Generate 'C:\fpga\Tang-Nano-examples\nano\impl\pnr\nano.power.html' file completed.
Info    (CM0008) : Generate 'C:\fpga\Tang-Nano-examples\nano\impl\pnr\nano.pin.html' file completed.
Info    (CM0008) : Generate 'C:\fpga\Tang-Nano-examples\nano\impl\pnr\nano.rpt.html' file completed.
Info    (CM0008) : Generate 'C:\fpga\Tang-Nano-examples\nano\impl\pnr\nano.rpt.txt' file completed.
Info    (CM0008) : Generate 'C:\fpga\Tang-Nano-examples\nano\impl\pnr\nano.tr.html' file completed.
Info    (CM0001) : Fri Sep 27 16:14:03 2019

