One matching license found for this product: synplifypro_gowin
NOTE:  This version of the software is not a production release. No warranty is made as to the general availability of features and functionality included in this version or described in the accompanying documentation. The final contents of a production release and its timing remain at the sole discretion of Synopsys.

Starting:    /home/athieka/gowin/SynplifyPro/linux_a_64/mbin/synbatch
Install:     /home/athieka/gowin/SynplifyPro
Hostname:    gowin-vm
Date:        Mon Sep  9 03:25:25 2019
Version:     P-2019.03G-Beta4

Arguments:   -product synplify_pro -batch /home/athieka/tang/src/PSRAM_RDFIFO/temp/FIFO/FIFO.prj
ProductType: synplify_pro

License checkout: synplifypro_gowin
License: synplifypro_gowin node-locked 
Licensed Vendor: gowin

Running in Vendor Mode

auto_infer_blackbox is not supported in current product.
log file: "/home/athieka/tang/src/PSRAM_RDFIFO/temp/FIFO/rev_1/PSRAM_RDFIFO.srr"
Running: rev_1 in foreground

Running FIFO|rev_1

Running Flow: compile (Compile) on FIFO|rev_1
# Mon Sep  9 03:25:25 2019

Running Flow: compile_flow (Compile Process) on FIFO|rev_1
# Mon Sep  9 03:25:25 2019

Running: compiler (Compile Input) on FIFO|rev_1
# Mon Sep  9 03:25:25 2019
Copied /home/athieka/tang/src/PSRAM_RDFIFO/temp/FIFO/rev_1/synwork/PSRAM_RDFIFO_comp.srs to /home/athieka/tang/src/PSRAM_RDFIFO/temp/FIFO/rev_1/PSRAM_RDFIFO.srs

compiler completed
# Mon Sep  9 03:25:27 2019

Return Code: 0
Run Time:00h:00m:02s

Running: multi_srs_gen (Multi-srs Generator) on FIFO|rev_1
# Mon Sep  9 03:25:27 2019

multi_srs_gen completed
# Mon Sep  9 03:25:27 2019

Return Code: 0
Run Time:00h:00m:00s
Copied /home/athieka/tang/src/PSRAM_RDFIFO/temp/FIFO/rev_1/synwork/PSRAM_RDFIFO_mult.srs to /home/athieka/tang/src/PSRAM_RDFIFO/temp/FIFO/rev_1/PSRAM_RDFIFO.srs
Complete: Compile Process on FIFO|rev_1

Running: premap (Premap) on FIFO|rev_1
# Mon Sep  9 03:25:27 2019

premap completed
# Mon Sep  9 03:25:29 2019

Return Code: 0
Run Time:00h:00m:02s
Complete: Compile on FIFO|rev_1

Running Flow: map (Map) on FIFO|rev_1
# Mon Sep  9 03:25:29 2019

Running: fpga_mapper (Map & Optimize) on FIFO|rev_1
# Mon Sep  9 03:25:29 2019
Copied /home/athieka/tang/src/PSRAM_RDFIFO/temp/FIFO/rev_1/synwork/PSRAM_RDFIFO_m.srm to /home/athieka/tang/src/PSRAM_RDFIFO/temp/FIFO/rev_1/PSRAM_RDFIFO.srm

fpga_mapper completed with warnings
# Mon Sep  9 03:25:35 2019

Return Code: 1
Run Time:00h:00m:06s
Complete: Map on FIFO|rev_1
Complete: Logic Synthesis on FIFO|rev_1
exit status=0
exit status=0
License checkin: synplifypro_gowin
